[Mon May 01 22:48:24.679949 2023] [ssl:warn] [pid 17868:tid 404] AH01909: Students:443:0 server certificate does NOT include an ID which matches the server name
[Mon May 01 22:48:24.690944 2023] [ssl:warn] [pid 17868:tid 404] AH01909: origo:443:0 server certificate does NOT include an ID which matches the server name
[Mon May 01 22:48:24.699938 2023] [ssl:warn] [pid 17868:tid 404] AH01909: myTests:443:0 server certificate does NOT include an ID which matches the server name
[Mon May 01 22:48:24.705933 2023] [ssl:warn] [pid 17868:tid 404] AH01909: MagicMethodTask:443:0 server certificate does NOT include an ID which matches the server name
[Mon May 01 22:48:24.718926 2023] [ssl:warn] [pid 17868:tid 404] AH01909: jquery:443:0 server certificate does NOT include an ID which matches the server name
[Mon May 01 22:48:24.725921 2023] [ssl:warn] [pid 17868:tid 404] AH01909: imHere:443:0 server certificate does NOT include an ID which matches the server name
[Mon May 01 22:48:24.731918 2023] [ssl:warn] [pid 17868:tid 404] AH01909: igrobus:443:0 server certificate does NOT include an ID which matches the server name
[Mon May 01 22:48:24.736915 2023] [ssl:warn] [pid 17868:tid 404] AH01909: funsite:443:0 server certificate does NOT include an ID which matches the server name
[Mon May 01 22:48:24.742910 2023] [ssl:warn] [pid 17868:tid 404] AH01909: firstproj:443:0 server certificate does NOT include an ID which matches the server name
[Mon May 01 22:48:24.748907 2023] [ssl:warn] [pid 17868:tid 404] AH01909: bookcrossing111:443:0 server certificate does NOT include an ID which matches the server name
[Mon May 01 22:48:24.754905 2023] [ssl:warn] [pid 17868:tid 404] AH01909: bookcrossing:443:0 server certificate does NOT include an ID which matches the server name
[Mon May 01 22:48:24.759900 2023] [ssl:warn] [pid 17868:tid 404] AH01909: Apple:443:0 server certificate does NOT include an ID which matches the server name
[Mon May 01 22:48:24.770895 2023] [ssl:warn] [pid 17868:tid 404] AH01909: ALL:443:0 server certificate does NOT include an ID which matches the server name
[Mon May 01 22:48:24.777890 2023] [ssl:warn] [pid 17868:tid 404] AH01909: ajax:443:0 server certificate does NOT include an ID which matches the server name
[Mon May 01 22:48:24.785886 2023] [ssl:warn] [pid 17868:tid 404] AH01909: 3Form:443:0 server certificate does NOT include an ID which matches the server name
[Mon May 01 22:48:24.793881 2023] [ssl:warn] [pid 17868:tid 404] AH01909: 2Stock:443:0 server certificate does NOT include an ID which matches the server name
[Mon May 01 22:48:24.799876 2023] [ssl:warn] [pid 17868:tid 404] AH01909: 1Cars:443:0 server certificate does NOT include an ID which matches the server name
[Mon May 01 22:48:24.806871 2023] [ssl:warn] [pid 17868:tid 404] AH01909: default:443:0 server certificate does NOT include an ID which matches the server name
[Mon May 01 22:48:24.912809 2023] [ssl:warn] [pid 17868:tid 404] AH01909: Students:443:0 server certificate does NOT include an ID which matches the server name
[Mon May 01 22:48:24.922804 2023] [ssl:warn] [pid 17868:tid 404] AH01909: origo:443:0 server certificate does NOT include an ID which matches the server name
[Mon May 01 22:48:24.928797 2023] [ssl:warn] [pid 17868:tid 404] AH01909: myTests:443:0 server certificate does NOT include an ID which matches the server name
[Mon May 01 22:48:24.934792 2023] [ssl:warn] [pid 17868:tid 404] AH01909: MagicMethodTask:443:0 server certificate does NOT include an ID which matches the server name
[Mon May 01 22:48:24.946786 2023] [ssl:warn] [pid 17868:tid 404] AH01909: jquery:443:0 server certificate does NOT include an ID which matches the server name
[Mon May 01 22:48:24.951783 2023] [ssl:warn] [pid 17868:tid 404] AH01909: imHere:443:0 server certificate does NOT include an ID which matches the server name
[Mon May 01 22:48:24.957779 2023] [ssl:warn] [pid 17868:tid 404] AH01909: igrobus:443:0 server certificate does NOT include an ID which matches the server name
[Mon May 01 22:48:24.962777 2023] [ssl:warn] [pid 17868:tid 404] AH01909: funsite:443:0 server certificate does NOT include an ID which matches the server name
[Mon May 01 22:48:24.968773 2023] [ssl:warn] [pid 17868:tid 404] AH01909: firstproj:443:0 server certificate does NOT include an ID which matches the server name
[Mon May 01 22:48:24.973770 2023] [ssl:warn] [pid 17868:tid 404] AH01909: bookcrossing111:443:0 server certificate does NOT include an ID which matches the server name
[Mon May 01 22:48:24.979766 2023] [ssl:warn] [pid 17868:tid 404] AH01909: bookcrossing:443:0 server certificate does NOT include an ID which matches the server name
[Mon May 01 22:48:24.985762 2023] [ssl:warn] [pid 17868:tid 404] AH01909: Apple:443:0 server certificate does NOT include an ID which matches the server name
[Mon May 01 22:48:24.990759 2023] [ssl:warn] [pid 17868:tid 404] AH01909: ALL:443:0 server certificate does NOT include an ID which matches the server name
[Mon May 01 22:48:24.998753 2023] [ssl:warn] [pid 17868:tid 404] AH01909: ajax:443:0 server certificate does NOT include an ID which matches the server name
[Mon May 01 22:48:25.003752 2023] [ssl:warn] [pid 17868:tid 404] AH01909: 3Form:443:0 server certificate does NOT include an ID which matches the server name
[Mon May 01 22:48:25.012746 2023] [ssl:warn] [pid 17868:tid 404] AH01909: 2Stock:443:0 server certificate does NOT include an ID which matches the server name
[Mon May 01 22:48:25.018744 2023] [ssl:warn] [pid 17868:tid 404] AH01909: 1Cars:443:0 server certificate does NOT include an ID which matches the server name
[Mon May 01 22:48:25.024740 2023] [ssl:warn] [pid 17868:tid 404] AH01909: default:443:0 server certificate does NOT include an ID which matches the server name
[Mon May 01 22:48:25.078708 2023] [mpm_winnt:notice] [pid 17868:tid 404] AH00455: Apache/2.4.54 (Win64) OpenSSL/3.0.5 configured -- resuming normal operations
[Mon May 01 22:48:25.078708 2023] [mpm_winnt:notice] [pid 17868:tid 404] AH00456: Server built: Jul 26 2022 23:58:26
[Mon May 01 22:48:25.078708 2023] [core:notice] [pid 17868:tid 404] AH00094: Command line: 'D:\\ospanel\\modules\\http\\Apache_2.4-PHP_7.2-7.4\\bin\\httpd.exe -d D:/OSPanel/modules/http/Apache_2.4-PHP_7.2-7.4 -f d:\\ospanel\\modules\\http\\Apache_2.4-PHP_7.2-7.4\\conf\\httpd.conf'
[Mon May 01 22:48:25.084701 2023] [mpm_winnt:notice] [pid 17868:tid 404] AH00418: Parent: Created child process 14356
[Mon May 01 22:48:25.910963 2023] [ssl:warn] [pid 14356:tid 400] AH01909: Students:443:0 server certificate does NOT include an ID which matches the server name
[Mon May 01 22:48:25.918957 2023] [ssl:warn] [pid 14356:tid 400] AH01909: origo:443:0 server certificate does NOT include an ID which matches the server name
[Mon May 01 22:48:25.924951 2023] [ssl:warn] [pid 14356:tid 400] AH01909: myTests:443:0 server certificate does NOT include an ID which matches the server name
[Mon May 01 22:48:25.930946 2023] [ssl:warn] [pid 14356:tid 400] AH01909: MagicMethodTask:443:0 server certificate does NOT include an ID which matches the server name
[Mon May 01 22:48:25.944447 2023] [ssl:warn] [pid 14356:tid 400] AH01909: jquery:443:0 server certificate does NOT include an ID which matches the server name
[Mon May 01 22:48:25.950443 2023] [ssl:warn] [pid 14356:tid 400] AH01909: imHere:443:0 server certificate does NOT include an ID which matches the server name
[Mon May 01 22:48:25.961439 2023] [ssl:warn] [pid 14356:tid 400] AH01909: igrobus:443:0 server certificate does NOT include an ID which matches the server name
[Mon May 01 22:48:25.967432 2023] [ssl:warn] [pid 14356:tid 400] AH01909: funsite:443:0 server certificate does NOT include an ID which matches the server name
[Mon May 01 22:48:25.974431 2023] [ssl:warn] [pid 14356:tid 400] AH01909: firstproj:443:0 server certificate does NOT include an ID which matches the server name
[Mon May 01 22:48:25.982427 2023] [ssl:warn] [pid 14356:tid 400] AH01909: bookcrossing111:443:0 server certificate does NOT include an ID which matches the server name
[Mon May 01 22:48:25.990418 2023] [ssl:warn] [pid 14356:tid 400] AH01909: bookcrossing:443:0 server certificate does NOT include an ID which matches the server name
[Mon May 01 22:48:25.997414 2023] [ssl:warn] [pid 14356:tid 400] AH01909: Apple:443:0 server certificate does NOT include an ID which matches the server name
[Mon May 01 22:48:26.007408 2023] [ssl:warn] [pid 14356:tid 400] AH01909: ALL:443:0 server certificate does NOT include an ID which matches the server name
[Mon May 01 22:48:26.016403 2023] [ssl:warn] [pid 14356:tid 400] AH01909: ajax:443:0 server certificate does NOT include an ID which matches the server name
[Mon May 01 22:48:26.024398 2023] [ssl:warn] [pid 14356:tid 400] AH01909: 3Form:443:0 server certificate does NOT include an ID which matches the server name
[Mon May 01 22:48:26.031393 2023] [ssl:warn] [pid 14356:tid 400] AH01909: 2Stock:443:0 server certificate does NOT include an ID which matches the server name
[Mon May 01 22:48:26.038170 2023] [ssl:warn] [pid 14356:tid 400] AH01909: 1Cars:443:0 server certificate does NOT include an ID which matches the server name
[Mon May 01 22:48:26.053160 2023] [ssl:warn] [pid 14356:tid 400] AH01909: default:443:0 server certificate does NOT include an ID which matches the server name
[Mon May 01 22:48:26.207067 2023] [ssl:warn] [pid 14356:tid 400] AH01909: Students:443:0 server certificate does NOT include an ID which matches the server name
[Mon May 01 22:48:26.217060 2023] [ssl:warn] [pid 14356:tid 400] AH01909: origo:443:0 server certificate does NOT include an ID which matches the server name
[Mon May 01 22:48:26.223057 2023] [ssl:warn] [pid 14356:tid 400] AH01909: myTests:443:0 server certificate does NOT include an ID which matches the server name
[Mon May 01 22:48:26.229052 2023] [ssl:warn] [pid 14356:tid 400] AH01909: MagicMethodTask:443:0 server certificate does NOT include an ID which matches the server name
[Mon May 01 22:48:26.241044 2023] [ssl:warn] [pid 14356:tid 400] AH01909: jquery:443:0 server certificate does NOT include an ID which matches the server name
[Mon May 01 22:48:26.247040 2023] [ssl:warn] [pid 14356:tid 400] AH01909: imHere:443:0 server certificate does NOT include an ID which matches the server name
[Mon May 01 22:48:26.255036 2023] [ssl:warn] [pid 14356:tid 400] AH01909: igrobus:443:0 server certificate does NOT include an ID which matches the server name
[Mon May 01 22:48:26.261032 2023] [ssl:warn] [pid 14356:tid 400] AH01909: funsite:443:0 server certificate does NOT include an ID which matches the server name
[Mon May 01 22:48:26.269027 2023] [ssl:warn] [pid 14356:tid 400] AH01909: firstproj:443:0 server certificate does NOT include an ID which matches the server name
[Mon May 01 22:48:26.274024 2023] [ssl:warn] [pid 14356:tid 400] AH01909: bookcrossing111:443:0 server certificate does NOT include an ID which matches the server name
[Mon May 01 22:48:26.280021 2023] [ssl:warn] [pid 14356:tid 400] AH01909: bookcrossing:443:0 server certificate does NOT include an ID which matches the server name
[Mon May 01 22:48:26.286016 2023] [ssl:warn] [pid 14356:tid 400] AH01909: Apple:443:0 server certificate does NOT include an ID which matches the server name
[Mon May 01 22:48:26.291013 2023] [ssl:warn] [pid 14356:tid 400] AH01909: ALL:443:0 server certificate does NOT include an ID which matches the server name
[Mon May 01 22:48:26.297009 2023] [ssl:warn] [pid 14356:tid 400] AH01909: ajax:443:0 server certificate does NOT include an ID which matches the server name
[Mon May 01 22:48:26.302006 2023] [ssl:warn] [pid 14356:tid 400] AH01909: 3Form:443:0 server certificate does NOT include an ID which matches the server name
[Mon May 01 22:48:26.308004 2023] [ssl:warn] [pid 14356:tid 400] AH01909: 2Stock:443:0 server certificate does NOT include an ID which matches the server name
[Mon May 01 22:48:26.313999 2023] [ssl:warn] [pid 14356:tid 400] AH01909: 1Cars:443:0 server certificate does NOT include an ID which matches the server name
[Mon May 01 22:48:26.322995 2023] [ssl:warn] [pid 14356:tid 400] AH01909: default:443:0 server certificate does NOT include an ID which matches the server name
[Mon May 01 22:48:26.376963 2023] [mpm_winnt:notice] [pid 14356:tid 400] AH00354: Child: Starting 128 worker threads.
